cargo :    Compiling soulforge_physx 
v0.1.0 (C:\proyectos unreal\explosion\P
lugins\SoulForgePhysX\core_rust)
En línea: 1 Carácter: 1
+ cargo build --release --color never 
2>&1 | Out-File -FilePath build.e ...
+ ~~~~~~~~~~~~~~~~~~~~~~~~~~~~~~~~~~~~~
~~~
    + CategoryInfo          : NotSpeci 
   fied: (   Compiling so...hysX\core  
  _rust):String) [], RemoteException
    + FullyQualifiedErrorId : NativeCo 
   mmandError
 
warning: unnecessary parentheses 
around assigned value
  --> 
src\physics\solvers\classic.rs:65:37
   |
65 |             (&mut (*p).vel_x)[i] 
*= (1.0 - friction);
   |                                   
  ^              ^
   |
   = note: `#[warn(unused_parens)]` 
(part of `#[warn(unused)]`) on by 
default
help: remove these parentheses
   |
65 -             (&mut (*p).vel_x)[i] 
*= (1.0 - friction);
65 +             (&mut (*p).vel_x)[i] 
*= 1.0 - friction;
   |

warning: unnecessary parentheses 
around assigned value
  --> 
src\physics\solvers\classic.rs:66:37
   |
66 |             (&mut (*p).vel_y)[i] 
*= (1.0 - friction);
   |                                   
  ^              ^
   |
help: remove these parentheses
   |
66 -             (&mut (*p).vel_y)[i] 
*= (1.0 - friction);
66 +             (&mut (*p).vel_y)[i] 
*= 1.0 - friction;
   |

warning: unused import: `crate::militar
y::fracture::GradyFragmentation`
   --> src\proxy.rs:435:9
    |
435 |     use crate::military::fracture
::GradyFragmentation;
    |         ^^^^^^^^^^^^^^^^^^^^^^^^^
^^^^^^^^^^^^^^^^^^^^
    |
    = note: `#[warn(unused_imports)]` 
(part of `#[warn(unused)]`) on by 
default

warning: unused imports: 
`ChargeGeometry` and `GurneyModel`
   --> src\proxy.rs:436:35
    |
436 |     use 
crate::military::gurney::{GurneyModel, 
ChargeGeometry};
    |                                  
 ^^^^^^^^^^^  ^^^^^^^^^^^^^^

warning: unused import: 
`crate::military::Vec3`
   --> src\proxy.rs:437:9
    |
437 |     use crate::military::Vec3;
    |         ^^^^^^^^^^^^^^^^^^^^^

warning: unused import: 
`rayon::prelude`
 --> src\node_buffer.rs:4:5
  |
4 | use rayon::prelude::*;
  |     ^^^^^^^^^^^^^^

warning: unused variable: `epicenter`
   --> src\proxy.rs:427:5
    |
427 |     epicenter: [f32; 3],
    |     ^^^^^^^^^ help: if this is 
intentional, prefix it with an 
underscore: `_epicenter`
    |
    = note: 
`#[warn(unused_variables)]` (part of 
`#[warn(unused)]`) on by default

warning: unused variable: `radius`
   --> src\proxy.rs:428:5
    |
428 |     radius: f32,
    |     ^^^^^^ help: if this is 
intentional, prefix it with an 
underscore: `_radius`

warning: unused variable: `cat`
   --> src\proxy.rs:599:5
    |
599 |     cat:    FragmentCategory,
    |     ^^^ help: if this is 
intentional, prefix it with an 
underscore: `_cat`

warning: function `estimate_energy` is 
never used
   --> src\proxy.rs:686:4
    |
686 | fn estimate_energy(proxy: 
&PhysicsProxy, preset: DamagePreset) 
-> f32 {
    |    ^^^^^^^^^^^^^^^
    |
    = note: `#[warn(dead_code)]` (part 
of `#[warn(unused)]`) on by default

warning: associated function `new` is 
never used
  --> src\swarm.rs:49:8
   |
48 | impl SpatialGrid {
   | ---------------- associated 
function in this implementation
49 |     fn new(agents: &HashMap<u32, 
SwarmAgent>) -> Self {
   |        ^^^

error: implicit autoref creates a 
reference to the dereference of a raw 
pointer
  --> src\physics\solvers\mod.rs:25:16
   |
25 |             if 
((*p).state_flags)[i] & FLAG_ACTIVE != 
0 {
   |                
^^^-^^^^^^^^^^^^^^^^^
   |                   |
   |                   this raw 
pointer has type `*mut NodeBuffer`
   |
   = note: creating a reference 
requires the pointer target to be 
valid and imposes aliasing requirements
note: autoref is being applied to this 
expression, resulting in: `&Vec<u8>`
  --> src\physics\solvers\mod.rs:25:16
   |
25 |             if 
((*p).state_flags)[i] & FLAG_ACTIVE != 
0 {
   |                ^^^^^^^^^^^^^^^^^^
   = note: 
`#[deny(dangerous_implicit_autorefs)]` 
on by default
help: try using a raw pointer method 
instead; or if this reference is 
intentional, make it explicit
   |
25 |             if 
(&((*p).state_flags))[i] & FLAG_ACTIVE 
!= 0 {
   |                ++                 
 +

warning: `soulforge_physx` (lib) 
generated 11 warnings
error: could not compile 
`soulforge_physx` (lib) due to 1 
previous error; 11 warnings emitted
